2022-05-09 19:40:32,900:INFO: Loading the datasets...
2022-05-09 19:40:45,324:INFO: - done.
2022-05-09 19:41:13,540:INFO: Loading the datasets...
2022-05-09 19:41:18,778:INFO: - done.
2022-05-09 19:41:34,111:INFO: Loading the datasets...
2022-05-09 19:41:39,577:INFO: - done.
2022-05-09 19:41:39,684:INFO: Starting training for 100 epoch(s)
2022-05-09 19:41:39,703:INFO: Epoch 1/100, lr:0.0
2022-05-09 19:43:32,627:INFO: Loading the datasets...
2022-05-09 19:43:37,998:INFO: - done.
2022-05-09 19:43:41,285:INFO: Starting training for 100 epoch(s)
2022-05-09 19:43:45,026:INFO: - Eval metrics, acc:76.0300, loss: 0.0000
2022-05-09 19:43:45,028:INFO: Epoch 1/100, lr:0.0
2022-05-09 19:44:28,158:INFO: Loading the datasets...
2022-05-09 19:44:33,430:INFO: - done.
2022-05-09 19:44:33,739:INFO: Starting training for 100 epoch(s)
2022-05-09 19:44:37,032:INFO: - Eval metrics, acc:76.0300, loss: 0.0000
2022-05-09 19:44:37,034:INFO: Epoch 1/100, lr:0.0
2022-05-09 19:45:25,212:INFO: - Train accuracy: 2.4720, training loss: 0.2687
2022-05-09 19:45:28,676:INFO: - Eval metrics, acc:4.5600, loss: 0.0000
2022-05-09 19:45:30,356:INFO: *********** Hurray ! Found new best accuracy *****************
2022-05-09 19:45:31,000:INFO: Epoch 2/100, lr:0.09999999999744245
2022-05-09 19:46:18,643:INFO: - Train accuracy: 8.6860, training loss: 0.2399
2022-05-09 19:46:22,058:INFO: - Eval metrics, acc:10.5700, loss: 0.0000
2022-05-09 19:46:22,308:INFO: *********** Hurray ! Found new best accuracy *****************
2022-05-09 19:46:22,330:INFO: Epoch 3/100, lr:0.09999999999744245
2022-05-09 19:47:10,069:INFO: - Train accuracy: 13.7020, training loss: 0.2193
2022-05-09 19:47:13,462:INFO: - Eval metrics, acc:14.0800, loss: 0.0000
2022-05-09 19:47:13,784:INFO: *********** Hurray ! Found new best accuracy *****************
2022-05-09 19:47:13,805:INFO: Epoch 4/100, lr:0.09999999999744245
2022-05-09 19:48:01,411:INFO: - Train accuracy: 17.5060, training loss: 0.2103
2022-05-09 19:48:04,791:INFO: - Eval metrics, acc:18.4800, loss: 0.0000
2022-05-09 19:48:05,044:INFO: *********** Hurray ! Found new best accuracy *****************
2022-05-09 19:48:05,065:INFO: Epoch 5/100, lr:0.09999999999744245
2022-05-09 19:48:52,713:INFO: - Train accuracy: 20.9120, training loss: 0.1980
2022-05-09 19:48:56,149:INFO: - Eval metrics, acc:21.2900, loss: 0.0000
2022-05-09 19:48:56,393:INFO: *********** Hurray ! Found new best accuracy *****************
2022-05-09 19:48:56,413:INFO: Epoch 6/100, lr:0.09999999999744245
2022-05-09 19:49:44,006:INFO: - Train accuracy: 23.3640, training loss: 0.1906
2022-05-09 19:49:47,417:INFO: - Eval metrics, acc:22.7500, loss: 0.0000
2022-05-09 19:49:47,663:INFO: *********** Hurray ! Found new best accuracy *****************
2022-05-09 19:49:47,685:INFO: Epoch 7/100, lr:0.09999999999744245
2022-05-09 19:50:35,271:INFO: - Train accuracy: 25.9120, training loss: 0.1824
2022-05-09 19:50:38,738:INFO: - Eval metrics, acc:26.9200, loss: 0.0000
2022-05-09 19:50:38,985:INFO: *********** Hurray ! Found new best accuracy *****************
2022-05-09 19:50:39,003:INFO: Epoch 8/100, lr:0.09999999999744245
2022-05-09 19:51:26,651:INFO: - Train accuracy: 28.0980, training loss: 0.1774
2022-05-09 19:51:30,055:INFO: - Eval metrics, acc:26.9900, loss: 0.0000
2022-05-09 19:51:30,310:INFO: *********** Hurray ! Found new best accuracy *****************
2022-05-09 19:51:30,334:INFO: Epoch 9/100, lr:0.09999999999744245
2022-05-09 19:52:18,058:INFO: - Train accuracy: 30.1260, training loss: 0.1707
2022-05-09 19:52:21,472:INFO: - Eval metrics, acc:25.2300, loss: 0.0000
2022-05-09 19:52:21,630:INFO: Epoch 10/100, lr:0.09999999999744245
2022-05-09 19:53:09,208:INFO: - Train accuracy: 31.6460, training loss: 0.1654
2022-05-09 19:53:12,599:INFO: - Eval metrics, acc:29.3900, loss: 0.0000
2022-05-09 19:53:12,848:INFO: *********** Hurray ! Found new best accuracy *****************
2022-05-09 19:53:13,015:INFO: Epoch 11/100, lr:0.09999999999744245
2022-05-09 19:54:00,533:INFO: - Train accuracy: 33.0240, training loss: 0.1615
2022-05-09 19:54:03,906:INFO: - Eval metrics, acc:31.2900, loss: 0.0000
2022-05-09 19:54:04,159:INFO: *********** Hurray ! Found new best accuracy *****************
2022-05-09 19:54:04,172:INFO: Epoch 12/100, lr:0.09999999999744245
2022-05-09 19:54:51,706:INFO: - Train accuracy: 34.0640, training loss: 0.1625
2022-05-09 19:54:55,069:INFO: - Eval metrics, acc:32.1800, loss: 0.0000
2022-05-09 19:54:55,325:INFO: *********** Hurray ! Found new best accuracy *****************
2022-05-09 19:54:55,343:INFO: Epoch 13/100, lr:0.09999999999744245
2022-05-09 19:55:42,925:INFO: - Train accuracy: 35.2060, training loss: 0.1588
2022-05-09 19:55:46,347:INFO: - Eval metrics, acc:32.8500, loss: 0.0000
2022-05-09 19:55:46,597:INFO: *********** Hurray ! Found new best accuracy *****************
2022-05-09 19:55:46,617:INFO: Epoch 14/100, lr:0.09999999999744245
2022-05-09 19:56:34,228:INFO: - Train accuracy: 36.3960, training loss: 0.1549
2022-05-09 19:56:37,584:INFO: - Eval metrics, acc:32.2300, loss: 0.0000
2022-05-09 19:56:37,734:INFO: Epoch 15/100, lr:0.09999999999744245
2022-05-09 19:57:25,338:INFO: - Train accuracy: 37.5260, training loss: 0.1498
2022-05-09 19:57:28,658:INFO: - Eval metrics, acc:23.5600, loss: 0.0000
2022-05-09 19:57:28,815:INFO: Epoch 16/100, lr:0.09999999999744245
2022-05-09 19:58:16,311:INFO: - Train accuracy: 38.4520, training loss: 0.1509
2022-05-09 19:58:19,696:INFO: - Eval metrics, acc:34.9200, loss: 0.0000
2022-05-09 19:58:19,939:INFO: *********** Hurray ! Found new best accuracy *****************
2022-05-09 19:58:19,961:INFO: Epoch 17/100, lr:0.09999999999744245
2022-05-09 19:59:07,425:INFO: - Train accuracy: 38.9920, training loss: 0.1467
2022-05-09 19:59:10,776:INFO: - Eval metrics, acc:34.4200, loss: 0.0000
2022-05-09 19:59:10,936:INFO: Epoch 18/100, lr:0.09999999999744245
2022-05-09 19:59:58,512:INFO: - Train accuracy: 39.3560, training loss: 0.1455
2022-05-09 20:00:01,923:INFO: - Eval metrics, acc:28.3100, loss: 0.0000
2022-05-09 20:00:02,075:INFO: Epoch 19/100, lr:0.09999999999744245
2022-05-09 20:00:49,663:INFO: - Train accuracy: 39.8940, training loss: 0.1440
2022-05-09 20:00:53,096:INFO: - Eval metrics, acc:33.0900, loss: 0.0000
2022-05-09 20:00:53,244:INFO: Epoch 20/100, lr:0.09999999999744245
2022-05-09 20:01:40,890:INFO: - Train accuracy: 40.3960, training loss: 0.1447
2022-05-09 20:01:44,393:INFO: - Eval metrics, acc:39.1900, loss: 0.0000
2022-05-09 20:01:44,651:INFO: *********** Hurray ! Found new best accuracy *****************
2022-05-09 20:01:44,668:INFO: Epoch 21/100, lr:0.09999999999744245
2022-05-09 20:02:32,263:INFO: - Train accuracy: 40.6980, training loss: 0.1442
2022-05-09 20:02:35,695:INFO: - Eval metrics, acc:29.2600, loss: 0.0000
2022-05-09 20:02:35,854:INFO: Epoch 22/100, lr:0.09999999999744245
2022-05-09 20:03:23,250:INFO: - Train accuracy: 41.2240, training loss: 0.1423
2022-05-09 20:03:26,624:INFO: - Eval metrics, acc:37.9600, loss: 0.0000
2022-05-09 20:03:26,778:INFO: Epoch 23/100, lr:0.09999999999744245
2022-05-09 20:04:14,340:INFO: - Train accuracy: 41.7960, training loss: 0.1401
2022-05-09 20:04:17,707:INFO: - Eval metrics, acc:35.6600, loss: 0.0000
2022-05-09 20:04:17,863:INFO: Epoch 24/100, lr:0.09999999999744245
2022-05-09 20:05:05,438:INFO: - Train accuracy: 42.2940, training loss: 0.1400
2022-05-09 20:05:08,831:INFO: - Eval metrics, acc:33.0100, loss: 0.0000
2022-05-09 20:05:08,987:INFO: Epoch 25/100, lr:0.09999999999744245
2022-05-09 20:05:56,510:INFO: - Train accuracy: 42.0680, training loss: 0.1421
2022-05-09 20:05:59,952:INFO: - Eval metrics, acc:42.1500, loss: 0.0000
2022-05-09 20:06:00,212:INFO: *********** Hurray ! Found new best accuracy *****************
2022-05-09 20:06:00,236:INFO: Epoch 26/100, lr:0.09999999999744245
2022-05-09 20:06:47,936:INFO: - Train accuracy: 42.6540, training loss: 0.1382
2022-05-09 20:06:51,391:INFO: - Eval metrics, acc:33.5700, loss: 0.0000
2022-05-09 20:06:51,548:INFO: Epoch 27/100, lr:0.09999999999744245
2022-05-09 20:07:39,300:INFO: - Train accuracy: 42.7780, training loss: 0.1386
2022-05-09 20:07:42,745:INFO: - Eval metrics, acc:37.7900, loss: 0.0000
2022-05-09 20:07:42,911:INFO: Epoch 28/100, lr:0.09999999999744245
2022-05-09 20:08:30,678:INFO: - Train accuracy: 43.5500, training loss: 0.1375
2022-05-09 20:08:34,168:INFO: - Eval metrics, acc:33.5700, loss: 0.0000
2022-05-09 20:08:34,331:INFO: Epoch 29/100, lr:0.09999999999744245
2022-05-09 20:09:21,917:INFO: - Train accuracy: 43.6560, training loss: 0.1366
2022-05-09 20:09:25,300:INFO: - Eval metrics, acc:32.7900, loss: 0.0000
2022-05-09 20:09:25,456:INFO: Epoch 30/100, lr:0.09999999999744245
2022-05-09 20:10:13,104:INFO: - Train accuracy: 43.7940, training loss: 0.1348
2022-05-09 20:10:16,507:INFO: - Eval metrics, acc:42.2700, loss: 0.0000
2022-05-09 20:10:16,759:INFO: *********** Hurray ! Found new best accuracy *****************
2022-05-09 20:10:16,778:INFO: Epoch 31/100, lr:0.019999999999488493
2022-05-09 20:11:04,509:INFO: - Train accuracy: 53.1880, training loss: 0.1151
2022-05-09 20:11:07,969:INFO: - Eval metrics, acc:56.2800, loss: 0.0000
2022-05-09 20:11:08,214:INFO: *********** Hurray ! Found new best accuracy *****************
2022-05-09 20:11:08,239:INFO: Epoch 32/100, lr:0.019999999999488493
2022-05-09 20:11:55,865:INFO: - Train accuracy: 55.7700, training loss: 0.1082
2022-05-09 20:11:59,245:INFO: - Eval metrics, acc:56.7000, loss: 0.0000
2022-05-09 20:11:59,507:INFO: *********** Hurray ! Found new best accuracy *****************
2022-05-09 20:11:59,667:INFO: Epoch 33/100, lr:0.019999999999488493
2022-05-09 20:12:47,271:INFO: - Train accuracy: 56.7020, training loss: 0.1065
2022-05-09 20:12:50,634:INFO: - Eval metrics, acc:56.3600, loss: 0.0000
2022-05-09 20:12:50,787:INFO: Epoch 34/100, lr:0.019999999999488493
2022-05-09 20:13:38,344:INFO: - Train accuracy: 57.1580, training loss: 0.1046
2022-05-09 20:13:41,712:INFO: - Eval metrics, acc:57.0600, loss: 0.0000
2022-05-09 20:13:41,963:INFO: *********** Hurray ! Found new best accuracy *****************
2022-05-09 20:13:41,982:INFO: Epoch 35/100, lr:0.019999999999488493
2022-05-09 20:14:29,512:INFO: - Train accuracy: 58.1720, training loss: 0.1034
2022-05-09 20:14:32,871:INFO: - Eval metrics, acc:56.6000, loss: 0.0000
2022-05-09 20:14:33,023:INFO: Epoch 36/100, lr:0.019999999999488493
2022-05-09 20:15:20,575:INFO: - Train accuracy: 57.9920, training loss: 0.1029
2022-05-09 20:15:23,948:INFO: - Eval metrics, acc:55.9900, loss: 0.0000
2022-05-09 20:15:24,097:INFO: Epoch 37/100, lr:0.019999999999488493
2022-05-09 20:16:11,729:INFO: - Train accuracy: 58.2060, training loss: 0.1028
2022-05-09 20:16:15,102:INFO: - Eval metrics, acc:55.3400, loss: 0.0000
2022-05-09 20:16:15,256:INFO: Epoch 38/100, lr:0.019999999999488493
2022-05-09 20:17:02,918:INFO: - Train accuracy: 58.6900, training loss: 0.1014
2022-05-09 20:17:06,292:INFO: - Eval metrics, acc:56.7200, loss: 0.0000
2022-05-09 20:17:06,446:INFO: Epoch 39/100, lr:0.019999999999488493
2022-05-09 20:17:53,929:INFO: - Train accuracy: 58.5160, training loss: 0.1025
2022-05-09 20:17:57,312:INFO: - Eval metrics, acc:55.3800, loss: 0.0000
2022-05-09 20:17:57,471:INFO: Epoch 40/100, lr:0.019999999999488493
2022-05-09 20:18:45,056:INFO: - Train accuracy: 58.6880, training loss: 0.1001
2022-05-09 20:18:48,465:INFO: - Eval metrics, acc:56.6900, loss: 0.0000
2022-05-09 20:18:48,619:INFO: Epoch 41/100, lr:0.019999999999488493
2022-05-09 20:19:36,216:INFO: - Train accuracy: 58.9260, training loss: 0.1006
2022-05-09 20:19:39,580:INFO: - Eval metrics, acc:55.3800, loss: 0.0000
2022-05-09 20:19:39,731:INFO: Epoch 42/100, lr:0.019999999999488493
2022-05-09 20:20:27,280:INFO: - Train accuracy: 59.1840, training loss: 0.0994
2022-05-09 20:20:30,664:INFO: - Eval metrics, acc:55.3600, loss: 0.0000
2022-05-09 20:20:30,816:INFO: Epoch 43/100, lr:0.019999999999488493
2022-05-09 20:21:18,487:INFO: - Train accuracy: 59.2600, training loss: 0.0998
2022-05-09 20:21:21,909:INFO: - Eval metrics, acc:56.2600, loss: 0.0000
2022-05-09 20:21:22,070:INFO: Epoch 44/100, lr:0.019999999999488493
2022-05-09 20:22:09,771:INFO: - Train accuracy: 59.1860, training loss: 0.1000
2022-05-09 20:22:13,174:INFO: - Eval metrics, acc:57.4400, loss: 0.0000
2022-05-09 20:22:13,414:INFO: *********** Hurray ! Found new best accuracy *****************
2022-05-09 20:22:13,434:INFO: Epoch 45/100, lr:0.019999999999488493
2022-05-09 20:23:01,095:INFO: - Train accuracy: 59.5460, training loss: 0.0998
2022-05-09 20:23:04,468:INFO: - Eval metrics, acc:56.1000, loss: 0.0000
2022-05-09 20:23:04,621:INFO: Epoch 46/100, lr:0.019999999999488493
2022-05-09 20:23:52,105:INFO: - Train accuracy: 59.7100, training loss: 0.0997
2022-05-09 20:23:55,458:INFO: - Eval metrics, acc:52.8200, loss: 0.0000
2022-05-09 20:23:55,610:INFO: Epoch 47/100, lr:0.019999999999488493
2022-05-09 20:24:43,210:INFO: - Train accuracy: 59.8740, training loss: 0.0994
2022-05-09 20:24:46,560:INFO: - Eval metrics, acc:53.1200, loss: 0.0000
2022-05-09 20:24:46,711:INFO: Epoch 48/100, lr:0.019999999999488493
2022-05-09 20:25:34,432:INFO: - Train accuracy: 59.7340, training loss: 0.1003
2022-05-09 20:25:37,824:INFO: - Eval metrics, acc:55.1500, loss: 0.0000
2022-05-09 20:25:38,047:INFO: Epoch 49/100, lr:0.019999999999488493
2022-05-09 20:26:25,684:INFO: - Train accuracy: 60.3780, training loss: 0.0976
2022-05-09 20:26:29,057:INFO: - Eval metrics, acc:54.2100, loss: 0.0000
2022-05-09 20:26:29,208:INFO: Epoch 50/100, lr:0.019999999999488493
2022-05-09 20:27:16,886:INFO: - Train accuracy: 60.4240, training loss: 0.0977
2022-05-09 20:27:20,278:INFO: - Eval metrics, acc:54.6700, loss: 0.0000
2022-05-09 20:27:20,434:INFO: Epoch 51/100, lr:0.019999999999488493
2022-05-09 20:28:08,050:INFO: - Train accuracy: 60.2640, training loss: 0.0982
2022-05-09 20:28:11,437:INFO: - Eval metrics, acc:57.2500, loss: 0.0000
2022-05-09 20:28:11,596:INFO: Epoch 52/100, lr:0.019999999999488493
2022-05-09 20:28:59,124:INFO: - Train accuracy: 60.6500, training loss: 0.0968
2022-05-09 20:29:02,553:INFO: - Eval metrics, acc:58.3600, loss: 0.0000
2022-05-09 20:29:02,803:INFO: *********** Hurray ! Found new best accuracy *****************
2022-05-09 20:29:02,825:INFO: Epoch 53/100, lr:0.019999999999488493
2022-05-09 20:29:50,565:INFO: - Train accuracy: 61.0340, training loss: 0.0957
2022-05-09 20:29:53,955:INFO: - Eval metrics, acc:57.8100, loss: 0.0000
2022-05-09 20:29:54,187:INFO: Epoch 54/100, lr:0.019999999999488493
2022-05-09 20:30:41,811:INFO: - Train accuracy: 61.3220, training loss: 0.0961
2022-05-09 20:30:45,202:INFO: - Eval metrics, acc:53.4800, loss: 0.0000
2022-05-09 20:30:45,354:INFO: Epoch 55/100, lr:0.019999999999488493
2022-05-09 20:31:32,972:INFO: - Train accuracy: 61.2040, training loss: 0.0960
2022-05-09 20:31:36,357:INFO: - Eval metrics, acc:56.4800, loss: 0.0000
2022-05-09 20:31:36,511:INFO: Epoch 56/100, lr:0.019999999999488493
2022-05-09 20:32:24,180:INFO: - Train accuracy: 61.7460, training loss: 0.0945
2022-05-09 20:32:27,583:INFO: - Eval metrics, acc:57.1600, loss: 0.0000
2022-05-09 20:32:27,732:INFO: Epoch 57/100, lr:0.019999999999488493
2022-05-09 20:33:15,795:INFO: - Train accuracy: 61.6300, training loss: 0.0933
2022-05-09 20:33:19,409:INFO: - Eval metrics, acc:58.8900, loss: 0.0000
2022-05-09 20:33:19,822:INFO: *********** Hurray ! Found new best accuracy *****************
2022-05-09 20:33:19,843:INFO: Epoch 58/100, lr:0.019999999999488493
2022-05-09 20:34:07,578:INFO: - Train accuracy: 61.8980, training loss: 0.0948
2022-05-09 20:34:10,927:INFO: - Eval metrics, acc:57.9200, loss: 0.0000
2022-05-09 20:34:11,081:INFO: Epoch 59/100, lr:0.019999999999488493
2022-05-09 20:34:58,809:INFO: - Train accuracy: 62.0460, training loss: 0.0936
2022-05-09 20:35:02,248:INFO: - Eval metrics, acc:58.1700, loss: 0.0000
2022-05-09 20:35:02,402:INFO: Epoch 60/100, lr:0.019999999999488493
2022-05-09 20:35:50,122:INFO: - Train accuracy: 62.0540, training loss: 0.0941
2022-05-09 20:35:53,497:INFO: - Eval metrics, acc:57.0300, loss: 0.0000
2022-05-09 20:35:53,652:INFO: Epoch 61/100, lr:0.003999999999897699
2022-05-09 20:36:41,261:INFO: - Train accuracy: 69.2920, training loss: 0.0791
2022-05-09 20:36:44,849:INFO: - Eval metrics, acc:65.9700, loss: 0.0000
2022-05-09 20:36:45,106:INFO: *********** Hurray ! Found new best accuracy *****************
2022-05-09 20:36:45,126:INFO: Epoch 62/100, lr:0.003999999999897699
2022-05-09 20:37:32,824:INFO: - Train accuracy: 71.2460, training loss: 0.0769
2022-05-09 20:37:36,224:INFO: - Eval metrics, acc:66.6700, loss: 0.0000
2022-05-09 20:37:36,475:INFO: *********** Hurray ! Found new best accuracy *****************
2022-05-09 20:37:36,495:INFO: Epoch 63/100, lr:0.003999999999897699
2022-05-09 20:38:24,201:INFO: - Train accuracy: 72.1480, training loss: 0.0743
2022-05-09 20:38:27,621:INFO: - Eval metrics, acc:66.8500, loss: 0.0000
2022-05-09 20:38:27,879:INFO: *********** Hurray ! Found new best accuracy *****************
2022-05-09 20:38:27,897:INFO: Epoch 64/100, lr:0.003999999999897699
2022-05-09 20:39:15,650:INFO: - Train accuracy: 72.7960, training loss: 0.0735
2022-05-09 20:39:19,104:INFO: - Eval metrics, acc:66.9300, loss: 0.0000
2022-05-09 20:39:19,362:INFO: *********** Hurray ! Found new best accuracy *****************
2022-05-09 20:39:19,382:INFO: Epoch 65/100, lr:0.003999999999897699
2022-05-09 20:40:07,105:INFO: - Train accuracy: 73.2300, training loss: 0.0711
2022-05-09 20:40:10,484:INFO: - Eval metrics, acc:67.2800, loss: 0.0000
2022-05-09 20:40:10,731:INFO: *********** Hurray ! Found new best accuracy *****************
2022-05-09 20:40:10,751:INFO: Epoch 66/100, lr:0.003999999999897699
2022-05-09 20:40:58,542:INFO: - Train accuracy: 73.5640, training loss: 0.0715
2022-05-09 20:41:01,976:INFO: - Eval metrics, acc:67.1200, loss: 0.0000
2022-05-09 20:41:02,208:INFO: Epoch 67/100, lr:0.003999999999897699
2022-05-09 20:41:49,953:INFO: - Train accuracy: 74.0980, training loss: 0.0708
2022-05-09 20:41:53,432:INFO: - Eval metrics, acc:66.6300, loss: 0.0000
2022-05-09 20:41:53,587:INFO: Epoch 68/100, lr:0.003999999999897699
2022-05-09 20:42:41,330:INFO: - Train accuracy: 74.4020, training loss: 0.0688
2022-05-09 20:42:44,788:INFO: - Eval metrics, acc:67.1200, loss: 0.0000
2022-05-09 20:42:44,951:INFO: Epoch 69/100, lr:0.003999999999897699
2022-05-09 20:43:32,656:INFO: - Train accuracy: 74.4660, training loss: 0.0683
2022-05-09 20:43:36,057:INFO: - Eval metrics, acc:66.7900, loss: 0.0000
2022-05-09 20:43:36,214:INFO: Epoch 70/100, lr:0.003999999999897699
2022-05-09 20:44:23,923:INFO: - Train accuracy: 74.8640, training loss: 0.0688
2022-05-09 20:44:27,380:INFO: - Eval metrics, acc:66.5600, loss: 0.0000
2022-05-09 20:44:27,540:INFO: Epoch 71/100, lr:0.003999999999897699
2022-05-09 20:45:15,182:INFO: - Train accuracy: 75.1040, training loss: 0.0674
2022-05-09 20:45:18,584:INFO: - Eval metrics, acc:67.0500, loss: 0.0000
2022-05-09 20:45:18,740:INFO: Epoch 72/100, lr:0.003999999999897699
2022-05-09 20:46:06,580:INFO: - Train accuracy: 75.3720, training loss: 0.0681
2022-05-09 20:46:09,985:INFO: - Eval metrics, acc:66.4200, loss: 0.0000
2022-05-09 20:46:10,161:INFO: Epoch 73/100, lr:0.003999999999897699
2022-05-09 20:46:57,863:INFO: - Train accuracy: 75.5700, training loss: 0.0673
2022-05-09 20:47:01,449:INFO: - Eval metrics, acc:66.7200, loss: 0.0000
2022-05-09 20:47:01,606:INFO: Epoch 74/100, lr:0.003999999999897699
2022-05-09 20:47:49,477:INFO: - Train accuracy: 75.7620, training loss: 0.0663
2022-05-09 20:47:52,952:INFO: - Eval metrics, acc:66.3100, loss: 0.0000
2022-05-09 20:47:53,114:INFO: Epoch 75/100, lr:0.003999999999897699
2022-05-09 20:48:41,047:INFO: - Train accuracy: 75.5600, training loss: 0.0671
2022-05-09 20:48:44,563:INFO: - Eval metrics, acc:66.9600, loss: 0.0000
2022-05-09 20:48:44,721:INFO: Epoch 76/100, lr:0.003999999999897699
2022-05-09 20:49:32,495:INFO: - Train accuracy: 75.9640, training loss: 0.0657
2022-05-09 20:49:35,936:INFO: - Eval metrics, acc:66.1100, loss: 0.0000
2022-05-09 20:49:36,096:INFO: Epoch 77/100, lr:0.003999999999897699
2022-05-09 20:50:23,866:INFO: - Train accuracy: 76.0980, training loss: 0.0643
2022-05-09 20:50:27,282:INFO: - Eval metrics, acc:65.6600, loss: 0.0000
2022-05-09 20:50:27,441:INFO: Epoch 78/100, lr:0.003999999999897699
2022-05-09 20:51:15,149:INFO: - Train accuracy: 76.3480, training loss: 0.0655
2022-05-09 20:51:18,575:INFO: - Eval metrics, acc:66.4700, loss: 0.0000
2022-05-09 20:51:18,738:INFO: Epoch 79/100, lr:0.003999999999897699
2022-05-09 20:52:06,515:INFO: - Train accuracy: 76.3680, training loss: 0.0648
2022-05-09 20:52:09,912:INFO: - Eval metrics, acc:66.1500, loss: 0.0000
2022-05-09 20:52:10,074:INFO: Epoch 80/100, lr:0.003999999999897699
2022-05-09 20:52:57,904:INFO: - Train accuracy: 76.6780, training loss: 0.0639
2022-05-09 20:53:01,352:INFO: - Eval metrics, acc:67.2500, loss: 0.0000
2022-05-09 20:53:01,503:INFO: Epoch 81/100, lr:0.0007999999999795398
2022-05-09 20:53:49,422:INFO: - Train accuracy: 79.8920, training loss: 0.0592
2022-05-09 20:53:52,986:INFO: - Eval metrics, acc:68.8600, loss: 0.0000
2022-05-09 20:53:53,251:INFO: *********** Hurray ! Found new best accuracy *****************
2022-05-09 20:53:53,266:INFO: Epoch 82/100, lr:0.0007999999999795398
2022-05-09 20:54:41,199:INFO: - Train accuracy: 80.6560, training loss: 0.0572
2022-05-09 20:54:44,626:INFO: - Eval metrics, acc:69.0400, loss: 0.0000
2022-05-09 20:54:44,877:INFO: *********** Hurray ! Found new best accuracy *****************
2022-05-09 20:54:45,048:INFO: Epoch 83/100, lr:0.0007999999999795398
2022-05-09 20:55:32,861:INFO: - Train accuracy: 81.0860, training loss: 0.0570
2022-05-09 20:55:36,321:INFO: - Eval metrics, acc:69.5200, loss: 0.0000
2022-05-09 20:55:36,570:INFO: *********** Hurray ! Found new best accuracy *****************
2022-05-09 20:55:36,593:INFO: Epoch 84/100, lr:0.0007999999999795398
2022-05-09 20:56:24,384:INFO: - Train accuracy: 81.2960, training loss: 0.0567
2022-05-09 20:56:27,812:INFO: - Eval metrics, acc:69.0600, loss: 0.0000
2022-05-09 20:56:27,983:INFO: Epoch 85/100, lr:0.0007999999999795398
2022-05-09 20:57:15,869:INFO: - Train accuracy: 81.5160, training loss: 0.0567
2022-05-09 20:57:19,348:INFO: - Eval metrics, acc:68.7600, loss: 0.0000
2022-05-09 20:57:19,507:INFO: Epoch 86/100, lr:0.0007999999999795398
2022-05-09 20:58:07,305:INFO: - Train accuracy: 81.8860, training loss: 0.0549
2022-05-09 20:58:10,729:INFO: - Eval metrics, acc:68.8400, loss: 0.0000
2022-05-09 20:58:10,885:INFO: Epoch 87/100, lr:0.0007999999999795398
2022-05-09 20:58:58,611:INFO: - Train accuracy: 82.0900, training loss: 0.0556
2022-05-09 20:59:02,060:INFO: - Eval metrics, acc:68.7000, loss: 0.0000
2022-05-09 20:59:02,288:INFO: Epoch 88/100, lr:0.0007999999999795398
2022-05-09 20:59:50,189:INFO: - Train accuracy: 81.8980, training loss: 0.0557
2022-05-09 20:59:53,658:INFO: - Eval metrics, acc:68.8400, loss: 0.0000
2022-05-09 20:59:53,815:INFO: Epoch 89/100, lr:0.0007999999999795398
2022-05-09 21:00:41,713:INFO: - Train accuracy: 82.2560, training loss: 0.0547
2022-05-09 21:00:45,147:INFO: - Eval metrics, acc:68.8500, loss: 0.0000
2022-05-09 21:00:45,313:INFO: Epoch 90/100, lr:0.0007999999999795398
2022-05-09 21:01:33,161:INFO: - Train accuracy: 82.2740, training loss: 0.0539
2022-05-09 21:01:36,618:INFO: - Eval metrics, acc:68.9400, loss: 0.0000
2022-05-09 21:01:36,784:INFO: Epoch 91/100, lr:0.0007999999999795398
2022-05-09 21:02:24,691:INFO: - Train accuracy: 82.4520, training loss: 0.0546
2022-05-09 21:02:28,163:INFO: - Eval metrics, acc:68.7600, loss: 0.0000
2022-05-09 21:02:28,337:INFO: Epoch 92/100, lr:0.0007999999999795398
2022-05-09 21:03:16,196:INFO: - Train accuracy: 82.4480, training loss: 0.0542
2022-05-09 21:03:19,642:INFO: - Eval metrics, acc:68.7400, loss: 0.0000
2022-05-09 21:03:19,802:INFO: Epoch 93/100, lr:0.0007999999999795398
2022-05-09 21:04:07,671:INFO: - Train accuracy: 82.5880, training loss: 0.0541
2022-05-09 21:04:11,144:INFO: - Eval metrics, acc:68.5800, loss: 0.0000
2022-05-09 21:04:11,372:INFO: Epoch 94/100, lr:0.0007999999999795398
2022-05-09 21:04:59,215:INFO: - Train accuracy: 82.7880, training loss: 0.0541
2022-05-09 21:05:02,670:INFO: - Eval metrics, acc:68.8000, loss: 0.0000
2022-05-09 21:05:02,826:INFO: Epoch 95/100, lr:0.0007999999999795398
2022-05-09 21:05:50,646:INFO: - Train accuracy: 82.7300, training loss: 0.0543
2022-05-09 21:05:54,067:INFO: - Eval metrics, acc:68.7000, loss: 0.0000
2022-05-09 21:05:54,227:INFO: Epoch 96/100, lr:0.0007999999999795398
2022-05-09 21:06:42,077:INFO: - Train accuracy: 82.9360, training loss: 0.0533
2022-05-09 21:06:45,534:INFO: - Eval metrics, acc:68.6000, loss: 0.0000
2022-05-09 21:06:45,690:INFO: Epoch 97/100, lr:0.0007999999999795398
2022-05-09 21:07:33,448:INFO: - Train accuracy: 83.2120, training loss: 0.0540
2022-05-09 21:07:36,895:INFO: - Eval metrics, acc:68.7100, loss: 0.0000
2022-05-09 21:07:37,058:INFO: Epoch 98/100, lr:0.0007999999999795398
2022-05-09 21:08:24,935:INFO: - Train accuracy: 83.2580, training loss: 0.0527
2022-05-09 21:08:28,325:INFO: - Eval metrics, acc:68.8200, loss: 0.0000
2022-05-09 21:08:28,490:INFO: Epoch 99/100, lr:0.0007999999999795398
2022-05-09 21:09:16,209:INFO: - Train accuracy: 83.5980, training loss: 0.0530
2022-05-09 21:09:19,609:INFO: - Eval metrics, acc:68.5400, loss: 0.0000
2022-05-09 21:09:19,838:INFO: Epoch 100/100, lr:0.0007999999999795398
2022-05-09 21:10:07,700:INFO: - Train accuracy: 83.4740, training loss: 0.0527
2022-05-09 21:10:11,108:INFO: - Eval metrics, acc:68.6300, loss: 0.0000
