2022-03-09 15:36:09,927:INFO: Loading the datasets...
2022-03-09 15:41:34,204:INFO: Loading the datasets...
2022-03-09 15:41:53,257:INFO: Loading the datasets...
2022-03-09 15:42:09,372:INFO: - done.
2022-03-09 15:42:20,515:INFO: Starting training for 200 epoch(s)
2022-03-09 15:42:20,530:INFO: Epoch 1/200, lr:0.0
2022-03-09 15:43:45,507:INFO: - Train accuracy:  29.9280, training loss:  1.8799
2022-03-09 15:43:49,532:INFO: - Eval metrics, acc:45.1200, loss: 1.4735
2022-03-09 15:43:49,720:INFO: - Found new best accuracy
2022-03-09 15:43:49,769:INFO: Epoch 2/200, lr:0.1
2022-03-09 15:45:16,547:INFO: - Train accuracy:  52.3100, training loss:  1.3171
2022-03-09 15:45:20,475:INFO: - Eval metrics, acc:57.8600, loss: 1.1856
2022-03-09 15:45:20,682:INFO: - Found new best accuracy
2022-03-09 15:45:20,708:INFO: Epoch 3/200, lr:0.1
2022-03-09 15:46:48,312:INFO: - Train accuracy:  62.2020, training loss:  1.0647
2022-03-09 15:46:52,220:INFO: - Eval metrics, acc:65.8900, loss: 0.9904
2022-03-09 15:46:52,424:INFO: - Found new best accuracy
2022-03-09 15:46:52,448:INFO: Epoch 4/200, lr:0.1
2022-03-09 15:48:19,875:INFO: - Train accuracy:  67.8680, training loss:  0.9150
2022-03-09 15:48:23,790:INFO: - Eval metrics, acc:73.0000, loss: 0.7657
2022-03-09 15:48:23,989:INFO: - Found new best accuracy
2022-03-09 15:48:24,022:INFO: Epoch 5/200, lr:0.1
2022-03-09 15:49:52,288:INFO: - Train accuracy:  71.0260, training loss:  0.8253
2022-03-09 15:49:56,266:INFO: - Eval metrics, acc:72.1400, loss: 0.7956
2022-03-09 15:49:56,423:INFO: Epoch 6/200, lr:0.1
2022-03-09 15:51:25,036:INFO: - Train accuracy:  72.9780, training loss:  0.7709
2022-03-09 15:51:29,022:INFO: - Eval metrics, acc:74.1900, loss: 0.7412
2022-03-09 15:51:29,231:INFO: - Found new best accuracy
2022-03-09 15:51:29,254:INFO: Epoch 7/200, lr:0.1
2022-03-09 15:52:57,596:INFO: - Train accuracy:  74.3540, training loss:  0.7369
2022-03-09 15:53:01,636:INFO: - Eval metrics, acc:77.3300, loss: 0.6595
2022-03-09 15:53:01,851:INFO: - Found new best accuracy
2022-03-09 15:53:01,880:INFO: Epoch 8/200, lr:0.1
2022-03-09 15:54:24,093:INFO: Loading the datasets...
2022-03-09 15:54:30,378:INFO: - done.
2022-03-09 15:54:30,435:INFO: Starting training for 100 epoch(s)
2022-03-09 15:54:30,448:INFO: Epoch 1/100, lr:0.0
2022-03-09 15:55:44,964:INFO: Loading the datasets...
2022-03-09 15:55:50,941:INFO: - done.
2022-03-09 15:55:51,000:INFO: Starting training for 100 epoch(s)
2022-03-09 15:55:51,012:INFO: Epoch 1/100, lr:0.0
2022-03-09 15:57:15,828:INFO: - Train accuracy:  29.9580, training loss:  1.8806
2022-03-09 15:57:19,887:INFO: - Eval metrics, acc:45.0800, loss: 1.4597
2022-03-09 15:57:20,104:INFO: - Found new best accuracy
2022-03-09 15:57:20,125:INFO: Epoch 2/100, lr:0.1
2022-03-09 15:58:47,376:INFO: - Train accuracy:  52.8960, training loss:  1.3007
2022-03-09 15:58:51,418:INFO: - Eval metrics, acc:60.1900, loss: 1.1113
2022-03-09 15:58:51,616:INFO: - Found new best accuracy
2022-03-09 15:58:51,661:INFO: Epoch 3/100, lr:0.1
2022-03-09 16:00:19,835:INFO: - Train accuracy:  62.8220, training loss:  1.0439
2022-03-09 16:00:23,893:INFO: - Eval metrics, acc:67.5100, loss: 0.9245
2022-03-09 16:00:24,108:INFO: - Found new best accuracy
2022-03-09 16:00:24,214:INFO: Epoch 4/100, lr:0.1
2022-03-09 16:01:52,655:INFO: - Train accuracy:  68.7600, training loss:  0.8910
2022-03-09 16:01:56,737:INFO: - Eval metrics, acc:69.8300, loss: 0.8662
2022-03-09 16:01:56,955:INFO: - Found new best accuracy
2022-03-09 16:01:56,980:INFO: Epoch 5/100, lr:0.1
2022-03-09 16:03:25,481:INFO: - Train accuracy:  71.6820, training loss:  0.8135
2022-03-09 16:03:29,536:INFO: - Eval metrics, acc:73.3100, loss: 0.7800
2022-03-09 16:03:29,779:INFO: - Found new best accuracy
2022-03-09 16:03:29,808:INFO: Epoch 6/100, lr:0.1
2022-03-09 16:04:57,968:INFO: - Train accuracy:  73.4260, training loss:  0.7559
2022-03-09 16:05:02,031:INFO: - Eval metrics, acc:73.9600, loss: 0.7637
2022-03-09 16:05:02,248:INFO: - Found new best accuracy
2022-03-09 16:05:02,348:INFO: Epoch 7/100, lr:0.1
2022-03-09 16:06:31,631:INFO: - Train accuracy:  75.0820, training loss:  0.7181
2022-03-09 16:06:35,762:INFO: - Eval metrics, acc:74.4100, loss: 0.7555
2022-03-09 16:06:35,995:INFO: - Found new best accuracy
2022-03-09 16:06:36,023:INFO: Epoch 8/100, lr:0.1
2022-03-09 16:08:05,265:INFO: - Train accuracy:  75.8740, training loss:  0.6995
2022-03-09 16:08:09,386:INFO: - Eval metrics, acc:73.8700, loss: 0.7668
2022-03-09 16:08:09,553:INFO: Epoch 9/100, lr:0.1
2022-03-09 16:09:38,379:INFO: - Train accuracy:  75.9700, training loss:  0.6940
2022-03-09 16:09:42,450:INFO: - Eval metrics, acc:76.2100, loss: 0.6857
2022-03-09 16:09:42,697:INFO: - Found new best accuracy
2022-03-09 16:09:42,730:INFO: Epoch 10/100, lr:0.1
2022-03-09 16:11:11,395:INFO: - Train accuracy:  75.9960, training loss:  0.6900
2022-03-09 16:11:15,483:INFO: - Eval metrics, acc:75.6000, loss: 0.7233
2022-03-09 16:11:15,645:INFO: Epoch 11/100, lr:0.1
2022-03-09 16:12:43,781:INFO: - Train accuracy:  76.2300, training loss:  0.6803
2022-03-09 16:12:47,853:INFO: - Eval metrics, acc:75.5700, loss: 0.7201
2022-03-09 16:12:48,022:INFO: Epoch 12/100, lr:0.1
2022-03-09 16:14:16,999:INFO: - Train accuracy:  76.5180, training loss:  0.6736
2022-03-09 16:14:22,620:INFO: - Eval metrics, acc:78.8900, loss: 0.6266
2022-03-09 16:14:22,857:INFO: - Found new best accuracy
2022-03-09 16:14:22,878:INFO: Epoch 13/100, lr:0.1
2022-03-09 16:15:51,407:INFO: - Train accuracy:  76.9820, training loss:  0.6648
2022-03-09 16:15:57,011:INFO: - Eval metrics, acc:76.7400, loss: 0.6650
2022-03-09 16:15:57,232:INFO: Epoch 14/100, lr:0.1
2022-03-09 16:17:26,165:INFO: - Train accuracy:  76.9760, training loss:  0.6625
2022-03-09 16:17:31,769:INFO: - Eval metrics, acc:75.9500, loss: 0.6931
2022-03-09 16:17:31,939:INFO: Epoch 15/100, lr:0.1
2022-03-09 16:19:01,121:INFO: - Train accuracy:  77.0420, training loss:  0.6582
2022-03-09 16:19:06,985:INFO: - Eval metrics, acc:77.5800, loss: 0.6603
2022-03-09 16:19:07,174:INFO: Epoch 16/100, lr:0.1
2022-03-09 16:20:37,174:INFO: - Train accuracy:  76.8620, training loss:  0.6615
2022-03-09 16:20:43,019:INFO: - Eval metrics, acc:69.3000, loss: 0.9844
2022-03-09 16:20:43,249:INFO: Epoch 17/100, lr:0.1
2022-03-09 16:22:12,639:INFO: - Train accuracy:  77.3100, training loss:  0.6546
2022-03-09 16:22:19,692:INFO: - Eval metrics, acc:77.5600, loss: 0.6679
2022-03-09 16:22:19,879:INFO: Epoch 18/100, lr:0.1
2022-03-09 16:23:49,857:INFO: - Train accuracy:  77.2400, training loss:  0.6576
2022-03-09 16:23:55,729:INFO: - Eval metrics, acc:56.1000, loss: 1.6711
2022-03-09 16:23:55,916:INFO: Epoch 19/100, lr:0.1
2022-03-09 16:25:25,763:INFO: - Train accuracy:  77.5200, training loss:  0.6436
2022-03-09 16:25:31,527:INFO: - Eval metrics, acc:75.2400, loss: 0.7050
2022-03-09 16:25:31,710:INFO: Epoch 20/100, lr:0.1
2022-03-09 16:27:01,487:INFO: - Train accuracy:  77.5680, training loss:  0.6458
2022-03-09 16:27:07,202:INFO: - Eval metrics, acc:77.6600, loss: 0.6590
2022-03-09 16:27:07,391:INFO: Epoch 21/100, lr:0.1
2022-03-09 16:28:37,609:INFO: - Train accuracy:  77.7520, training loss:  0.6402
2022-03-09 16:28:43,398:INFO: - Eval metrics, acc:77.5700, loss: 0.6710
2022-03-09 16:28:43,574:INFO: Epoch 22/100, lr:0.1
2022-03-09 16:30:13,556:INFO: - Train accuracy:  77.3740, training loss:  0.6462
2022-03-09 16:30:19,438:INFO: - Eval metrics, acc:77.0700, loss: 0.6782
2022-03-09 16:30:19,627:INFO: Epoch 23/100, lr:0.1
2022-03-09 16:31:49,899:INFO: - Train accuracy:  77.6900, training loss:  0.6451
2022-03-09 16:31:55,808:INFO: - Eval metrics, acc:75.3700, loss: 0.7255
2022-03-09 16:31:55,990:INFO: Epoch 24/100, lr:0.1
